# JRE version: Java(TM) SE Runtime Environment (9.0+11) (build 9.0.4+11)
# Java VM: Java HotSpot(TM) 64-Bit Server VM (9.0.4+11, mixed mode, tiered, compressed oops, g1 gc, windows-amd64)
Heap:
 garbage-first heap   total 227328K, used 120956K [0x0000000700000000, 0x00000007001006f0, 0x00000007c0000000)
  region size 1024K, 31 young (31744K), 1 survivors (1024K)
 Metaspace       used 93274K, capacity 96001K, committed 101964K, reserved 1136640K
  class space    used 12184K, capacity 12741K, committed 13952K, reserved 1048576K
GC Heap History (10 events):
Event: 17860.146 GC heap before
{Heap before GC invocations=2669 (full 48):
 garbage-first heap   total 227328K, used 151735K [0x0000000700000000, 0x00000007001006f0, 0x00000007c0000000)
  region size 1024K, 60 young (61440K), 1 survivors (1024K)
 Metaspace       used 93273K, capacity 96001K, committed 101964K, reserved 1136640K
  class space    used 12184K, capacity 12741K, committed 13952K, reserved 1048576K
}
Event: 17860.153 GC heap after
{Heap after GC invocations=2670 (full 48):
 garbage-first heap   total 227328K, used 91423K [0x0000000700000000, 0x00000007001006f0, 0x00000007c0000000)
  region size 1024K, 2 young (2048K), 2 survivors (2048K)
 Metaspace       used 93273K, capacity 96001K, committed 101964K, reserved 1136640K
  class space    used 12184K, capacity 12741K, committed 13952K, reserved 1048576K
}
Event: 17860.880 GC heap before
{Heap before GC invocations=2670 (full 48):
 garbage-first heap   total 227328K, used 150815K [0x0000000700000000, 0x00000007001006f0, 0x00000007c0000000)
  region size 1024K, 60 young (61440K), 2 survivors (2048K)
 Metaspace       used 93273K, capacity 96001K, committed 101964K, reserved 1136640K
  class space    used 12184K, capacity 12741K, committed 13952K, reserved 1048576K
}
Event: 17860.886 GC heap after
{Heap after GC invocations=2671 (full 48):
 garbage-first heap   total 227328K, used 91348K [0x0000000700000000, 0x00000007001006f0, 0x00000007c0000000)
  region size 1024K, 1 young (1024K), 1 survivors (1024K)
 Metaspace       used 93273K, capacity 96001K, committed 101964K, reserved 1136640K
  class space    used 12184K, capacity 12741K, committed 13952K, reserved 1048576K
}
Event: 17861.134 GC heap before
{Heap before GC invocations=2671 (full 48):
 garbage-first heap   total 227328K, used 151764K [0x0000000700000000, 0x00000007001006f0, 0x00000007c0000000)
  region size 1024K, 60 young (61440K), 1 survivors (1024K)
 Metaspace       used 93273K, capacity 96001K, committed 101964K, reserved 1136640K
  class space    used 12184K, capacity 12741K, committed 13952K, reserved 1048576K
}
Event: 17861.139 GC heap after
{Heap after GC invocations=2672 (full 48):
 garbage-first heap   total 227328K, used 91363K [0x0000000700000000, 0x00000007001006f0, 0x00000007c0000000)
  region size 1024K, 1 young (1024K), 1 survivors (1024K)
 Metaspace       used 93273K, capacity 96001K, committed 101964K, reserved 1136640K
  class space    used 12184K, capacity 12741K, committed 13952K, reserved 1048576K
}
Event: 17865.406 GC heap before
{Heap before GC invocations=2672 (full 48):
 garbage-first heap   total 227328K, used 151779K [0x0000000700000000, 0x00000007001006f0, 0x00000007c0000000)
  region size 1024K, 60 young (61440K), 1 survivors (1024K)
 Metaspace       used 93274K, capacity 96001K, committed 101964K, reserved 1136640K
  class space    used 12184K, capacity 12741K, committed 13952K, reserved 1048576K
}
Event: 17865.411 GC heap after
{Heap after GC invocations=2673 (full 48):
 garbage-first heap   total 227328K, used 91417K [0x0000000700000000, 0x00000007001006f0, 0x00000007c0000000)
  region size 1024K, 2 young (2048K), 2 survivors (2048K)
 Metaspace       used 93274K, capacity 96001K, committed 101964K, reserved 1136640K
  class space    used 12184K, capacity 12741K, committed 13952K, reserved 1048576K
}
Event: 17869.939 GC heap before
{Heap before GC invocations=2673 (full 48):
 garbage-first heap   total 227328K, used 150809K [0x0000000700000000, 0x00000007001006f0, 0x00000007c0000000)
  region size 1024K, 60 young (61440K), 2 survivors (2048K)
 Metaspace       used 93274K, capacity 96001K, committed 101964K, reserved 1136640K
  class space    used 12184K, capacity 12741K, committed 13952K, reserved 1048576K
}
Event: 17869.944 GC heap after
{Heap after GC invocations=2674 (full 48):
 garbage-first heap   total 227328K, used 91260K [0x0000000700000000, 0x00000007001006f0, 0x00000007c0000000)
  region size 1024K, 1 young (1024K), 1 survivors (1024K)
 Metaspace       used 93274K, capacity 96001K, committed 101964K, reserved 1136640K
  class space    used 12184K, capacity 12741K, committed 13952K, reserved 1048576K
}

